<?xml version="1.0" encoding="UTF-8"?>
<testsuite xmlns:xsi="http://www.w3.org/2001/XMLSchema-instance" xsi:noNamespaceSchemaLocation="https://maven.apache.org/surefire/maven-surefire-plugin/xsd/surefire-test-report.xsd" name="br.com.mp.product.api.ProductResourceTest" time="2.508" tests="1" errors="1" skipped="0" failures="0">
  <properties>
[...]
</properties>
  <testcase name="testHelloEndpoint" classname="br.com.mp.product.api.ProductResourceTest" time="0.012">
    <error message="java.lang.RuntimeException: io.quarkus.builder.BuildException: Build failure: Build failed due to errors&#10;	[error]: Build step io.quarkus.hibernate.orm.deployment.HibernateOrmProcessor#build threw an exception: io.quarkus.deployment.configuration.ConfigurationError: Hibernate extension cannot guess the dialect as no database kind is specified by &apos;quarkus.datasource.db-kind&apos;&#10;	at io.quarkus.hibernate.orm.deployment.HibernateOrmProcessor.guessDialect(HibernateOrmProcessor.java:857)&#10;	at io.quarkus.hibernate.orm.deployment.HibernateOrmProcessor.handleHibernateORMWithNoPersistenceXml(HibernateOrmProcessor.java:677)&#10;	at io.quarkus.hibernate.orm.deployment.HibernateOrmProcessor.build(HibernateOrmProcessor.java:237)&#10;	at java.base/jdk.internal.reflect.NativeMethodAccessorImpl.invoke0(Native Method)&#10;	at java.base/jdk.internal.reflect.NativeMethodAccessorImpl.invoke(NativeMethodAccessorImpl.java:62)&#10;	at java.base/jdk.internal.reflect.DelegatingMethodAccessorImpl.invoke(DelegatingMethodAccessorImpl.java:43)&#10;	at java.base/java.lang.reflect.Method.invoke(Method.java:566)&#10;	at io.quarkus.deployment.ExtensionLoader$2.execute(ExtensionLoader.java:931)&#10;	at io.quarkus.builder.BuildContext.run(BuildContext.java:277)&#10;	at org.jboss.threads.ContextClassLoaderSavingRunnable.run(ContextClassLoaderSavingRunnable.java:35)&#10;	at org.jboss.threads.EnhancedQueueExecutor.safeRun(EnhancedQueueExecutor.java:2046)&#10;	at org.jboss.threads.EnhancedQueueExecutor$ThreadBody.doRunTask(EnhancedQueueExecutor.java:1578)&#10;	at org.jboss.threads.EnhancedQueueExecutor$ThreadBody.run(EnhancedQueueExecutor.java:1452)&#10;	at java.base/java.lang.Thread.run(Thread.java:829)&#10;	at org.jboss.threads.JBossThread.run(JBossThread.java:479)&#10;" type="java.lang.RuntimeException">java.lang.RuntimeException: 
java.lang.RuntimeException: io.quarkus.builder.BuildException: Build failure: Build failed due to errors
	[error]: Build step io.quarkus.hibernate.orm.deployment.HibernateOrmProcessor#build threw an exception: io.quarkus.deployment.configuration.ConfigurationError: Hibernate extension cannot guess the dialect as no database kind is specified by 'quarkus.datasource.db-kind'
	at io.quarkus.hibernate.orm.deployment.HibernateOrmProcessor.guessDialect(HibernateOrmProcessor.java:857)
	at io.quarkus.hibernate.orm.deployment.HibernateOrmProcessor.handleHibernateORMWithNoPersistenceXml(HibernateOrmProcessor.java:677)
	at io.quarkus.hibernate.orm.deployment.HibernateOrmProcessor.build(HibernateOrmProcessor.java:237)
	at java.base/jdk.internal.reflect.NativeMethodAccessorImpl.invoke0(Native Method)
	at java.base/jdk.internal.reflect.NativeMethodAccessorImpl.invoke(NativeMethodAccessorImpl.java:62)
	at java.base/jdk.internal.reflect.DelegatingMethodAccessorImpl.invoke(DelegatingMethodAccessorImpl.java:43)
	at java.base/java.lang.reflect.Method.invoke(Method.java:566)
	at io.quarkus.deployment.ExtensionLoader$2.execute(ExtensionLoader.java:931)
	at io.quarkus.builder.BuildContext.run(BuildContext.java:277)
	at org.jboss.threads.ContextClassLoaderSavingRunnable.run(ContextClassLoaderSavingRunnable.java:35)
	at org.jboss.threads.EnhancedQueueExecutor.safeRun(EnhancedQueueExecutor.java:2046)
	at org.jboss.threads.EnhancedQueueExecutor$ThreadBody.doRunTask(EnhancedQueueExecutor.java:1578)
	at org.jboss.threads.EnhancedQueueExecutor$ThreadBody.run(EnhancedQueueExecutor.java:1452)
	at java.base/java.lang.Thread.run(Thread.java:829)
	at org.jboss.threads.JBossThread.run(JBossThread.java:479)

Caused by: java.lang.RuntimeException: 
io.quarkus.builder.BuildException: Build failure: Build failed due to errors
	[error]: Build step io.quarkus.hibernate.orm.deployment.HibernateOrmProcessor#build threw an exception: io.quarkus.deployment.configuration.ConfigurationError: Hibernate extension cannot guess the dialect as no database kind is specified by 'quarkus.datasource.db-kind'
	at io.quarkus.hibernate.orm.deployment.HibernateOrmProcessor.guessDialect(HibernateOrmProcessor.java:857)
	at io.quarkus.hibernate.orm.deployment.HibernateOrmProcessor.handleHibernateORMWithNoPersistenceXml(HibernateOrmProcessor.java:677)
	at io.quarkus.hibernate.orm.deployment.HibernateOrmProcessor.build(HibernateOrmProcessor.java:237)
	at java.base/jdk.internal.reflect.NativeMethodAccessorImpl.invoke0(Native Method)
	at java.base/jdk.internal.reflect.NativeMethodAccessorImpl.invoke(NativeMethodAccessorImpl.java:62)
	at java.base/jdk.internal.reflect.DelegatingMethodAccessorImpl.invoke(DelegatingMethodAccessorImpl.java:43)
	at java.base/java.lang.reflect.Method.invoke(Method.java:566)
	at io.quarkus.deployment.ExtensionLoader$2.execute(ExtensionLoader.java:931)
	at io.quarkus.builder.BuildContext.run(BuildContext.java:277)
	at org.jboss.threads.ContextClassLoaderSavingRunnable.run(ContextClassLoaderSavingRunnable.java:35)
	at org.jboss.threads.EnhancedQueueExecutor.safeRun(EnhancedQueueExecutor.java:2046)
	at org.jboss.threads.EnhancedQueueExecutor$ThreadBody.doRunTask(EnhancedQueueExecutor.java:1578)
	at org.jboss.threads.EnhancedQueueExecutor$ThreadBody.run(EnhancedQueueExecutor.java:1452)
	at java.base/java.lang.Thread.run(Thread.java:829)
	at org.jboss.threads.JBossThread.run(JBossThread.java:479)

Caused by: io.quarkus.builder.BuildException: 
Build failure: Build failed due to errors
	[error]: Build step io.quarkus.hibernate.orm.deployment.HibernateOrmProcessor#build threw an exception: io.quarkus.deployment.configuration.ConfigurationError: Hibernate extension cannot guess the dialect as no database kind is specified by 'quarkus.datasource.db-kind'
	at io.quarkus.hibernate.orm.deployment.HibernateOrmProcessor.guessDialect(HibernateOrmProcessor.java:857)
	at io.quarkus.hibernate.orm.deployment.HibernateOrmProcessor.handleHibernateORMWithNoPersistenceXml(HibernateOrmProcessor.java:677)
	at io.quarkus.hibernate.orm.deployment.HibernateOrmProcessor.build(HibernateOrmProcessor.java:237)
	at java.base/jdk.internal.reflect.NativeMethodAccessorImpl.invoke0(Native Method)
	at java.base/jdk.internal.reflect.NativeMethodAccessorImpl.invoke(NativeMethodAccessorImpl.java:62)
	at java.base/jdk.internal.reflect.DelegatingMethodAccessorImpl.invoke(DelegatingMethodAccessorImpl.java:43)
	at java.base/java.lang.reflect.Method.invoke(Method.java:566)
	at io.quarkus.deployment.ExtensionLoader$2.execute(ExtensionLoader.java:931)
	at io.quarkus.builder.BuildContext.run(BuildContext.java:277)
	at org.jboss.threads.ContextClassLoaderSavingRunnable.run(ContextClassLoaderSavingRunnable.java:35)
	at org.jboss.threads.EnhancedQueueExecutor.safeRun(EnhancedQueueExecutor.java:2046)
	at org.jboss.threads.EnhancedQueueExecutor$ThreadBody.doRunTask(EnhancedQueueExecutor.java:1578)
	at org.jboss.threads.EnhancedQueueExecutor$ThreadBody.run(EnhancedQueueExecutor.java:1452)
	at java.base/java.lang.Thread.run(Thread.java:829)
	at org.jboss.threads.JBossThread.run(JBossThread.java:479)

Caused by: io.quarkus.deployment.configuration.ConfigurationError: Hibernate extension cannot guess the dialect as no database kind is specified by 'quarkus.datasource.db-kind'
</error>
  </testcase>
</testsuite>